
> garbage-management-dashboard@0.1.0 dev
> next dev

 ⚠ Port 3000 is in use, trying 3001 instead.
  ▲ Next.js 14.2.35
  - Local:        http://localhost:3001
  - Environme ○ Compiling / ...
 ✓ Compiled / in 4.2s (169 ○ Compiling / ...
 ✓ Compiled / in 4.5s (1692 modules)
 GET / 20 ✓ Compiled in 44s (852 modules)
 ✓ Compiled in 4.3s (852 modules)
<w> [webpack.cache.PackFileCacheStrategy] Caching failed for pack: Error: ENOENT: no such file or directory, rename '/Users/thanojbuddhima/Desktop/GarboProject/Garbo_web_dashboard/.next/cache/webpack/client-development/2.pack.gz_' -> '/Users/thanojbuddhima/Desktop/GarboProject/Garbo_web_dashboard/.next/cache/webpack/client-development/2.pack.gz'
 ✓ Compiled in 34.1s (938 modules)
 ✓ Compiled in 531ms (938 modules)
n 71ms
 GET /.well-known/appspecific/com.chrome.devtools.json 404 in 52ms
 GET / 200 in 115ms
 GET /.well-known/appspecific/com.chrome.devtools.json 404 in 72ms
 GET / 200 in 8267ms
 GET /.well-known/appspecific/com.chrome.devtools.json 404 in 8441ms
 GET / 200 in 168ms
 GET /.well-known/appspecific/com.chrome.devtools.json 404 in 5144ms
 ○ Compiling /_not-found ...
 ✓ Compiled /_not-found in 51.3s (1684 modules)
 GET / 404 in 57052ms
 GET /.well-known/appspecific/com.chrome.devtools.json 404 in 482ms
<w> [webpack.cache.PackFileCacheStrategy] Caching failed for pack: Error: incorrect header check
 ✓ Compiled in 35.4s (1847 modules)
